0 info it worked if it ends with ok
1 verbose cli [ '/usr/local/bin/node', '/usr/local/bin/npm', 'run', 'lint' ]
2 info using npm@3.6.0
3 info using node@v5.6.0
4 verbose run-script [ 'prelint', 'lint', 'postlint' ]
5 info lifecycle angular-1.x-reference-app@0.0.1~prelint: angular-1.x-reference-app@0.0.1
6 silly lifecycle angular-1.x-reference-app@0.0.1~prelint: no script for prelint, continuing
7 info lifecycle angular-1.x-reference-app@0.0.1~lint: angular-1.x-reference-app@0.0.1
8 verbose lifecycle angular-1.x-reference-app@0.0.1~lint: unsafe-perm in lifecycle true
9 verbose lifecycle angular-1.x-reference-app@0.0.1~lint: PATH: /usr/local/lib/node_modules/npm/bin/node-gyp-bin:/Users/sidd/Documents/siddu/Projects/Bluemix/Garage/Calculator/node_modules/.bin:/usr/local/bin:/usr/bin:/bin:/usr/sbin:/sbin:/usr/local/Bluemix/bin
10 verbose lifecycle angular-1.x-reference-app@0.0.1~lint: CWD: /Users/sidd/Documents/siddu/Projects/Bluemix/Garage/Calculator
11 silly lifecycle angular-1.x-reference-app@0.0.1~lint: Args: [ '-c', 'gulp lint' ]
12 silly lifecycle angular-1.x-reference-app@0.0.1~lint: Returned: code: 1  signal: null
13 info lifecycle angular-1.x-reference-app@0.0.1~lint: Failed to exec lint script
14 verbose stack Error: angular-1.x-reference-app@0.0.1 lint: `gulp lint`
14 verbose stack Exit status 1
14 verbose stack     at EventEmitter.<anonymous> (/usr/local/lib/node_modules/npm/lib/utils/lifecycle.js:232:16)
14 verbose stack     at emitTwo (events.js:100:13)
14 verbose stack     at EventEmitter.emit (events.js:185:7)
14 verbose stack     at ChildProcess.<anonymous> (/usr/local/lib/node_modules/npm/lib/utils/spawn.js:24:14)
14 verbose stack     at emitTwo (events.js:100:13)
14 verbose stack     at ChildProcess.emit (events.js:185:7)
14 verbose stack     at maybeClose (internal/child_process.js:827:16)
14 verbose stack     at Process.ChildProcess._handle.onexit (internal/child_process.js:211:5)
15 verbose pkgid angular-1.x-reference-app@0.0.1
16 verbose cwd /Users/sidd/Documents/siddu/Projects/Bluemix/Garage/Calculator
17 error Darwin 15.3.0
18 error argv "/usr/local/bin/node" "/usr/local/bin/npm" "run" "lint"
19 error node v5.6.0
20 error npm  v3.6.0
21 error code ELIFECYCLE
22 error angular-1.x-reference-app@0.0.1 lint: `gulp lint`
22 error Exit status 1
23 error Failed at the angular-1.x-reference-app@0.0.1 lint script 'gulp lint'.
23 error Make sure you have the latest version of node.js and npm installed.
23 error If you do, this is most likely a problem with the angular-1.x-reference-app package,
23 error not with npm itself.
23 error Tell the author that this fails on your system:
23 error     gulp lint
23 error You can get information on how to open an issue for this project with:
23 error     npm bugs angular-1.x-reference-app
23 error Or if that isn't available, you can get their info via:
23 error     npm owner ls angular-1.x-reference-app
23 error There is likely additional logging output above.
24 verbose exit [ 1, true ]
